[2018-06-18 23:31:24] assetic.ERROR: The template "SecurityBundle:Collector:security.html.twig" contains an error: Unknown "profiler_dump" function in "SecurityBundle:Collector:security.html.twig" at line 100. [] []
[2018-06-18 23:31:24] assetic.ERROR: The template "DoctrineBundle:Collector:db.html.twig" contains an error: Unknown "profiler_dump" function in "DoctrineBundle:Collector:db.html.twig" at line 243. [] []
[2018-06-18 23:31:25] assetic.ERROR: The template "ActeurBundle:Registration:user_two.form.html_1.twig" contains an error: Unknown "form_enctype" function in "ActeurBundle:Registration:user_two.form.html_1.twig" at line 6. [] []
[2018-06-18 23:31:25] assetic.ERROR: The template "FOSUserBundle:Registration:register_content.html_1.twig" contains an error: Unknown "form_enctype" function in "FOSUserBundle:Registration:register_content.html_1.twig" at line 17. [] []
[2018-06-18 23:31:25] php.CRITICAL: Parse error: syntax error, unexpected 'use' (T_USE) {"exception":"[object] (Symfony\\Component\\Debug\\Exception\\FatalThrowableError(code: 0): Parse error: syntax error, unexpected 'use' (T_USE) at /opt/lampp/htdocs/fudme2/src/ActeurBundle/Controller/DonateursController.php:9)"} []
[2018-06-18 23:31:25] request.CRITICAL: Uncaught PHP Exception Symfony\Component\Debug\Exception\FatalThrowableError: "Parse error: syntax error, unexpected 'use' (T_USE)" at /opt/lampp/htdocs/fudme2/src/ActeurBundle/Controller/DonateursController.php line 9 {"exception":"[object] (Symfony\\Component\\Debug\\Exception\\FatalThrowableError(code: 0): Parse error: syntax error, unexpected 'use' (T_USE) at /opt/lampp/htdocs/fudme2/src/ActeurBundle/Controller/DonateursController.php:9)"} []
[2018-06-18 23:31:25] event.DEBUG: Notified event "kernel.request" to listener "Symfony\Component\EventDispatcher\Debug\WrappedListener::__invoke". {"event":"kernel.request","listener":"Symfony\\Component\\EventDispatcher\\Debug\\WrappedListener::__invoke"} []
[2018-06-18 23:31:25] event.DEBUG: Notified event "kernel.request" to listener "Symfony\Component\EventDispatcher\Debug\WrappedListener::__invoke". {"event":"kernel.request","listener":"Symfony\\Component\\EventDispatcher\\Debug\\WrappedListener::__invoke"} []
[2018-06-18 23:31:25] event.DEBUG: Notified event "kernel.request" to listener "Symfony\Component\EventDispatcher\Debug\WrappedListener::__invoke". {"event":"kernel.request","listener":"Symfony\\Component\\EventDispatcher\\Debug\\WrappedListener::__invoke"} []
[2018-06-18 23:31:25] event.DEBUG: Notified event "kernel.request" to listener "Symfony\Component\EventDispatcher\Debug\WrappedListener::__invoke". {"event":"kernel.request","listener":"Symfony\\Component\\EventDispatcher\\Debug\\WrappedListener::__invoke"} []
[2018-06-18 23:31:25] event.DEBUG: Notified event "kernel.request" to listener "Symfony\Component\EventDispatcher\Debug\WrappedListener::__invoke". {"event":"kernel.request","listener":"Symfony\\Component\\EventDispatcher\\Debug\\WrappedListener::__invoke"} []
[2018-06-18 23:31:25] event.DEBUG: Notified event "kernel.request" to listener "Symfony\Component\EventDispatcher\Debug\WrappedListener::__invoke". {"event":"kernel.request","listener":"Symfony\\Component\\EventDispatcher\\Debug\\WrappedListener::__invoke"} []
[2018-06-18 23:31:25] event.DEBUG: Notified event "kernel.request" to listener "Symfony\Component\EventDispatcher\Debug\WrappedListener::__invoke". {"event":"kernel.request","listener":"Symfony\\Component\\EventDispatcher\\Debug\\WrappedListener::__invoke"} []
[2018-06-18 23:31:25] event.DEBUG: Notified event "kernel.request" to listener "Symfony\Component\EventDispatcher\Debug\WrappedListener::__invoke". {"event":"kernel.request","listener":"Symfony\\Component\\EventDispatcher\\Debug\\WrappedListener::__invoke"} []
[2018-06-18 23:31:25] event.DEBUG: Notified event "kernel.request" to listener "Symfony\Component\EventDispatcher\Debug\WrappedListener::__invoke". {"event":"kernel.request","listener":"Symfony\\Component\\EventDispatcher\\Debug\\WrappedListener::__invoke"} []
[2018-06-18 23:31:25] event.DEBUG: Notified event "kernel.request" to listener "Symfony\Component\EventDispatcher\Debug\WrappedListener::__invoke". {"event":"kernel.request","listener":"Symfony\\Component\\EventDispatcher\\Debug\\WrappedListener::__invoke"} []
[2018-06-18 23:31:25] event.DEBUG: Notified event "kernel.controller" to listener "Sensio\Bundle\FrameworkExtraBundle\EventListener\ControllerListener::onKernelController". {"event":"kernel.controller","listener":"Sensio\\Bundle\\FrameworkExtraBundle\\EventListener\\ControllerListener::onKernelController"} []
[2018-06-18 23:31:25] event.DEBUG: Notified event "kernel.controller" to listener "Sensio\Bundle\FrameworkExtraBundle\EventListener\ParamConverterListener::onKernelController". {"event":"kernel.controller","listener":"Sensio\\Bundle\\FrameworkExtraBundle\\EventListener\\ParamConverterListener::onKernelController"} []
[2018-06-18 23:31:25] event.DEBUG: Notified event "kernel.controller" to listener "Sensio\Bundle\FrameworkExtraBundle\EventListener\HttpCacheListener::onKernelController". {"event":"kernel.controller","listener":"Sensio\\Bundle\\FrameworkExtraBundle\\EventListener\\HttpCacheListener::onKernelController"} []
[2018-06-18 23:31:25] event.DEBUG: Notified event "kernel.controller" to listener "Sensio\Bundle\FrameworkExtraBundle\EventListener\SecurityListener::onKernelController". {"event":"kernel.controller","listener":"Sensio\\Bundle\\FrameworkExtraBundle\\EventListener\\SecurityListener::onKernelController"} []
[2018-06-18 23:31:25] event.DEBUG: Notified event "kernel.controller" to listener "Sensio\Bundle\FrameworkExtraBundle\EventListener\TemplateListener::onKernelController". {"event":"kernel.controller","listener":"Sensio\\Bundle\\FrameworkExtraBundle\\EventListener\\TemplateListener::onKernelController"} []
[2018-06-18 23:31:25] event.DEBUG: Notified event "kernel.response" to listener "Symfony\Component\HttpKernel\EventListener\ResponseListener::onKernelResponse". {"event":"kernel.response","listener":"Symfony\\Component\\HttpKernel\\EventListener\\ResponseListener::onKernelResponse"} []
[2018-06-18 23:31:25] event.DEBUG: Notified event "kernel.response" to listener "Symfony\Component\Security\Http\RememberMe\ResponseListener::onKernelResponse". {"event":"kernel.response","listener":"Symfony\\Component\\Security\\Http\\RememberMe\\ResponseListener::onKernelResponse"} []
[2018-06-18 23:31:25] event.DEBUG: Notified event "kernel.response" to listener "Sensio\Bundle\FrameworkExtraBundle\EventListener\HttpCacheListener::onKernelResponse". {"event":"kernel.response","listener":"Sensio\\Bundle\\FrameworkExtraBundle\\EventListener\\HttpCacheListener::onKernelResponse"} []
[2018-06-18 23:31:25] event.DEBUG: Notified event "kernel.response" to listener "Symfony\Component\HttpKernel\EventListener\SaveSessionListener::onKernelResponse". {"event":"kernel.response","listener":"Symfony\\Component\\HttpKernel\\EventListener\\SaveSessionListener::onKernelResponse"} []
[2018-06-18 23:31:25] event.DEBUG: Notified event "kernel.response" to listener "Symfony\Component\HttpKernel\EventListener\StreamedResponseListener::onKernelResponse". {"event":"kernel.response","listener":"Symfony\\Component\\HttpKernel\\EventListener\\StreamedResponseListener::onKernelResponse"} []
[2018-06-18 23:31:25] event.DEBUG: Notified event "kernel.finish_request" to listener "Symfony\Component\HttpKernel\EventListener\LocaleListener::onKernelFinishRequest". {"event":"kernel.finish_request","listener":"Symfony\\Component\\HttpKernel\\EventListener\\LocaleListener::onKernelFinishRequest"} []
[2018-06-18 23:31:25] event.DEBUG: Notified event "kernel.finish_request" to listener "Symfony\Component\HttpKernel\EventListener\TranslatorListener::onKernelFinishRequest". {"event":"kernel.finish_request","listener":"Symfony\\Component\\HttpKernel\\EventListener\\TranslatorListener::onKernelFinishRequest"} []
[2018-06-18 23:31:25] event.DEBUG: Notified event "kernel.finish_request" to listener "Symfony\Component\HttpKernel\EventListener\RouterListener::onKernelFinishRequest". {"event":"kernel.finish_request","listener":"Symfony\\Component\\HttpKernel\\EventListener\\RouterListener::onKernelFinishRequest"} []
[2018-06-18 23:31:25] event.DEBUG: Notified event "kernel.finish_request" to listener "Symfony\Bundle\SecurityBundle\EventListener\FirewallListener::onKernelFinishRequest". {"event":"kernel.finish_request","listener":"Symfony\\Bundle\\SecurityBundle\\EventListener\\FirewallListener::onKernelFinishRequest"} []
[2018-06-18 23:31:25] event.DEBUG: Notified event "kernel.exception" to listener "Symfony\Bundle\SwiftmailerBundle\EventListener\EmailSenderListener::onException". {"event":"kernel.exception","listener":"Symfony\\Bundle\\SwiftmailerBundle\\EventListener\\EmailSenderListener::onException"} []
[2018-06-18 23:31:25] event.DEBUG: Notified event "kernel.exception" to listener "Symfony\Component\HttpKernel\EventListener\ExceptionListener::onKernelException". {"event":"kernel.exception","listener":"Symfony\\Component\\HttpKernel\\EventListener\\ExceptionListener::onKernelException"} []
[2018-06-18 23:31:25] event.DEBUG: Listener "Symfony\Component\HttpKernel\EventListener\ExceptionListener::onKernelException" stopped propagation of the event "kernel.exception". {"event":"kernel.exception","listener":"Symfony\\Component\\HttpKernel\\EventListener\\ExceptionListener::onKernelException"} []
[2018-06-18 23:31:25] event.DEBUG: Notified event "kernel.response" to listener "Symfony\Component\HttpKernel\EventListener\ResponseListener::onKernelResponse". {"event":"kernel.response","listener":"Symfony\\Component\\HttpKernel\\EventListener\\ResponseListener::onKernelResponse"} []
[2018-06-18 23:31:25] event.DEBUG: Notified event "kernel.response" to listener "Symfony\Component\Security\Http\RememberMe\ResponseListener::onKernelResponse". {"event":"kernel.response","listener":"Symfony\\Component\\Security\\Http\\RememberMe\\ResponseListener::onKernelResponse"} []
[2018-06-18 23:31:25] event.DEBUG: Notified event "kernel.response" to listener "Sensio\Bundle\FrameworkExtraBundle\EventListener\HttpCacheListener::onKernelResponse". {"event":"kernel.response","listener":"Sensio\\Bundle\\FrameworkExtraBundle\\EventListener\\HttpCacheListener::onKernelResponse"} []
[2018-06-18 23:31:25] event.DEBUG: Notified event "kernel.response" to listener "Symfony\Component\HttpKernel\EventListener\SaveSessionListener::onKernelResponse". {"event":"kernel.response","listener":"Symfony\\Component\\HttpKernel\\EventListener\\SaveSessionListener::onKernelResponse"} []
[2018-06-18 23:31:25] event.DEBUG: Notified event "kernel.response" to listener "Symfony\Component\HttpKernel\EventListener\StreamedResponseListener::onKernelResponse". {"event":"kernel.response","listener":"Symfony\\Component\\HttpKernel\\EventListener\\StreamedResponseListener::onKernelResponse"} []
[2018-06-18 23:31:25] event.DEBUG: Notified event "kernel.finish_request" to listener "Symfony\Component\HttpKernel\EventListener\LocaleListener::onKernelFinishRequest". {"event":"kernel.finish_request","listener":"Symfony\\Component\\HttpKernel\\EventListener\\LocaleListener::onKernelFinishRequest"} []
[2018-06-18 23:31:25] event.DEBUG: Notified event "kernel.finish_request" to listener "Symfony\Component\HttpKernel\EventListener\TranslatorListener::onKernelFinishRequest". {"event":"kernel.finish_request","listener":"Symfony\\Component\\HttpKernel\\EventListener\\TranslatorListener::onKernelFinishRequest"} []
[2018-06-18 23:31:25] event.DEBUG: Notified event "kernel.finish_request" to listener "Symfony\Component\HttpKernel\EventListener\RouterListener::onKernelFinishRequest". {"event":"kernel.finish_request","listener":"Symfony\\Component\\HttpKernel\\EventListener\\RouterListener::onKernelFinishRequest"} []
[2018-06-18 23:31:25] event.DEBUG: Notified event "kernel.finish_request" to listener "Symfony\Bundle\SecurityBundle\EventListener\FirewallListener::onKernelFinishRequest". {"event":"kernel.finish_request","listener":"Symfony\\Bundle\\SecurityBundle\\EventListener\\FirewallListener::onKernelFinishRequest"} []
[2018-06-18 23:31:25] event.DEBUG: Notified event "kernel.terminate" to listener "Symfony\Bundle\SwiftmailerBundle\EventListener\EmailSenderListener::onTerminate". {"event":"kernel.terminate","listener":"Symfony\\Bundle\\SwiftmailerBundle\\EventListener\\EmailSenderListener::onTerminate"} []
[2018-06-18 23:46:29] php.CRITICAL: Fatal Error: Class 'ActeurBundle\Controller\Controller' not found {"exception":"[object] (Symfony\\Component\\Debug\\Exception\\FatalErrorException(code: 0): Error: Class 'ActeurBundle\\Controller\\Controller' not found at /opt/lampp/htdocs/fudme2/src/ActeurBundle/Controller/DonateursController.php:22)"} []
[2018-06-18 23:46:29] request.CRITICAL: Uncaught PHP Exception Symfony\Component\Debug\Exception\ClassNotFoundException: "Attempted to load class "Controller" from namespace "ActeurBundle\Controller". Did you forget a "use" statement for e.g. "Symfony\Bundle\FrameworkBundle\Controller\Controller" or "FOS\JsRoutingBundle\Controller\Controller"?" at /opt/lampp/htdocs/fudme2/src/ActeurBundle/Controller/DonateursController.php line 22 {"exception":"[object] (Symfony\\Component\\Debug\\Exception\\ClassNotFoundException(code: 0): Attempted to load class \"Controller\" from namespace \"ActeurBundle\\Controller\".\nDid you forget a \"use\" statement for e.g. \"Symfony\\Bundle\\FrameworkBundle\\Controller\\Controller\" or \"FOS\\JsRoutingBundle\\Controller\\Controller\"? at /opt/lampp/htdocs/fudme2/src/ActeurBundle/Controller/DonateursController.php:22)"} []
[2018-06-18 23:46:29] event.DEBUG: Notified event "kernel.request" to listener "Symfony\Component\EventDispatcher\Debug\WrappedListener::__invoke". {"event":"kernel.request","listener":"Symfony\\Component\\EventDispatcher\\Debug\\WrappedListener::__invoke"} []
[2018-06-18 23:46:29] event.DEBUG: Notified event "kernel.request" to listener "Symfony\Component\EventDispatcher\Debug\WrappedListener::__invoke". {"event":"kernel.request","listener":"Symfony\\Component\\EventDispatcher\\Debug\\WrappedListener::__invoke"} []
[2018-06-18 23:46:29] event.DEBUG: Notified event "kernel.request" to listener "Symfony\Component\EventDispatcher\Debug\WrappedListener::__invoke". {"event":"kernel.request","listener":"Symfony\\Component\\EventDispatcher\\Debug\\WrappedListener::__invoke"} []
[2018-06-18 23:46:29] event.DEBUG: Notified event "kernel.request" to listener "Symfony\Component\EventDispatcher\Debug\WrappedListener::__invoke". {"event":"kernel.request","listener":"Symfony\\Component\\EventDispatcher\\Debug\\WrappedListener::__invoke"} []
[2018-06-18 23:46:29] event.DEBUG: Notified event "kernel.request" to listener "Symfony\Component\EventDispatcher\Debug\WrappedListener::__invoke". {"event":"kernel.request","listener":"Symfony\\Component\\EventDispatcher\\Debug\\WrappedListener::__invoke"} []
[2018-06-18 23:46:29] event.DEBUG: Notified event "kernel.request" to listener "Symfony\Component\EventDispatcher\Debug\WrappedListener::__invoke". {"event":"kernel.request","listener":"Symfony\\Component\\EventDispatcher\\Debug\\WrappedListener::__invoke"} []
[2018-06-18 23:46:29] event.DEBUG: Notified event "kernel.request" to listener "Symfony\Component\EventDispatcher\Debug\WrappedListener::__invoke". {"event":"kernel.request","listener":"Symfony\\Component\\EventDispatcher\\Debug\\WrappedListener::__invoke"} []
[2018-06-18 23:46:29] event.DEBUG: Notified event "kernel.request" to listener "Symfony\Component\EventDispatcher\Debug\WrappedListener::__invoke". {"event":"kernel.request","listener":"Symfony\\Component\\EventDispatcher\\Debug\\WrappedListener::__invoke"} []
[2018-06-18 23:46:29] event.DEBUG: Notified event "kernel.request" to listener "Symfony\Component\EventDispatcher\Debug\WrappedListener::__invoke". {"event":"kernel.request","listener":"Symfony\\Component\\EventDispatcher\\Debug\\WrappedListener::__invoke"} []
[2018-06-18 23:46:29] event.DEBUG: Notified event "kernel.request" to listener "Symfony\Component\EventDispatcher\Debug\WrappedListener::__invoke". {"event":"kernel.request","listener":"Symfony\\Component\\EventDispatcher\\Debug\\WrappedListener::__invoke"} []
[2018-06-18 23:46:29] event.DEBUG: Notified event "kernel.controller" to listener "Sensio\Bundle\FrameworkExtraBundle\EventListener\ControllerListener::onKernelController". {"event":"kernel.controller","listener":"Sensio\\Bundle\\FrameworkExtraBundle\\EventListener\\ControllerListener::onKernelController"} []
[2018-06-18 23:46:29] event.DEBUG: Notified event "kernel.controller" to listener "Sensio\Bundle\FrameworkExtraBundle\EventListener\ParamConverterListener::onKernelController". {"event":"kernel.controller","listener":"Sensio\\Bundle\\FrameworkExtraBundle\\EventListener\\ParamConverterListener::onKernelController"} []
[2018-06-18 23:46:29] event.DEBUG: Notified event "kernel.controller" to listener "Sensio\Bundle\FrameworkExtraBundle\EventListener\HttpCacheListener::onKernelController". {"event":"kernel.controller","listener":"Sensio\\Bundle\\FrameworkExtraBundle\\EventListener\\HttpCacheListener::onKernelController"} []
[2018-06-18 23:46:29] event.DEBUG: Notified event "kernel.controller" to listener "Sensio\Bundle\FrameworkExtraBundle\EventListener\SecurityListener::onKernelController". {"event":"kernel.controller","listener":"Sensio\\Bundle\\FrameworkExtraBundle\\EventListener\\SecurityListener::onKernelController"} []
[2018-06-18 23:46:29] event.DEBUG: Notified event "kernel.controller" to listener "Sensio\Bundle\FrameworkExtraBundle\EventListener\TemplateListener::onKernelController". {"event":"kernel.controller","listener":"Sensio\\Bundle\\FrameworkExtraBundle\\EventListener\\TemplateListener::onKernelController"} []
[2018-06-18 23:46:29] event.DEBUG: Notified event "kernel.response" to listener "Symfony\Component\HttpKernel\EventListener\ResponseListener::onKernelResponse". {"event":"kernel.response","listener":"Symfony\\Component\\HttpKernel\\EventListener\\ResponseListener::onKernelResponse"} []
[2018-06-18 23:46:29] event.DEBUG: Notified event "kernel.response" to listener "Symfony\Component\Security\Http\RememberMe\ResponseListener::onKernelResponse". {"event":"kernel.response","listener":"Symfony\\Component\\Security\\Http\\RememberMe\\ResponseListener::onKernelResponse"} []
[2018-06-18 23:46:29] event.DEBUG: Notified event "kernel.response" to listener "Sensio\Bundle\FrameworkExtraBundle\EventListener\HttpCacheListener::onKernelResponse". {"event":"kernel.response","listener":"Sensio\\Bundle\\FrameworkExtraBundle\\EventListener\\HttpCacheListener::onKernelResponse"} []
[2018-06-18 23:46:29] event.DEBUG: Notified event "kernel.response" to listener "Symfony\Component\HttpKernel\EventListener\SaveSessionListener::onKernelResponse". {"event":"kernel.response","listener":"Symfony\\Component\\HttpKernel\\EventListener\\SaveSessionListener::onKernelResponse"} []
[2018-06-18 23:46:29] event.DEBUG: Notified event "kernel.response" to listener "Symfony\Component\HttpKernel\EventListener\StreamedResponseListener::onKernelResponse". {"event":"kernel.response","listener":"Symfony\\Component\\HttpKernel\\EventListener\\StreamedResponseListener::onKernelResponse"} []
[2018-06-18 23:46:29] event.DEBUG: Notified event "kernel.finish_request" to listener "Symfony\Component\HttpKernel\EventListener\LocaleListener::onKernelFinishRequest". {"event":"kernel.finish_request","listener":"Symfony\\Component\\HttpKernel\\EventListener\\LocaleListener::onKernelFinishRequest"} []
[2018-06-18 23:46:29] event.DEBUG: Notified event "kernel.finish_request" to listener "Symfony\Component\HttpKernel\EventListener\TranslatorListener::onKernelFinishRequest". {"event":"kernel.finish_request","listener":"Symfony\\Component\\HttpKernel\\EventListener\\TranslatorListener::onKernelFinishRequest"} []
[2018-06-18 23:46:29] event.DEBUG: Notified event "kernel.finish_request" to listener "Symfony\Component\HttpKernel\EventListener\RouterListener::onKernelFinishRequest". {"event":"kernel.finish_request","listener":"Symfony\\Component\\HttpKernel\\EventListener\\RouterListener::onKernelFinishRequest"} []
[2018-06-18 23:46:29] event.DEBUG: Notified event "kernel.finish_request" to listener "Symfony\Bundle\SecurityBundle\EventListener\FirewallListener::onKernelFinishRequest". {"event":"kernel.finish_request","listener":"Symfony\\Bundle\\SecurityBundle\\EventListener\\FirewallListener::onKernelFinishRequest"} []
[2018-06-18 23:46:29] event.DEBUG: Notified event "kernel.exception" to listener "Symfony\Bundle\SwiftmailerBundle\EventListener\EmailSenderListener::onException". {"event":"kernel.exception","listener":"Symfony\\Bundle\\SwiftmailerBundle\\EventListener\\EmailSenderListener::onException"} []
[2018-06-18 23:46:29] event.DEBUG: Notified event "kernel.exception" to listener "Symfony\Component\HttpKernel\EventListener\ExceptionListener::onKernelException". {"event":"kernel.exception","listener":"Symfony\\Component\\HttpKernel\\EventListener\\ExceptionListener::onKernelException"} []
[2018-06-18 23:46:29] event.DEBUG: Listener "Symfony\Component\HttpKernel\EventListener\ExceptionListener::onKernelException" stopped propagation of the event "kernel.exception". {"event":"kernel.exception","listener":"Symfony\\Component\\HttpKernel\\EventListener\\ExceptionListener::onKernelException"} []
[2018-06-18 23:46:29] event.DEBUG: Notified event "kernel.response" to listener "Symfony\Component\HttpKernel\EventListener\ResponseListener::onKernelResponse". {"event":"kernel.response","listener":"Symfony\\Component\\HttpKernel\\EventListener\\ResponseListener::onKernelResponse"} []
[2018-06-18 23:46:29] event.DEBUG: Notified event "kernel.response" to listener "Symfony\Component\Security\Http\RememberMe\ResponseListener::onKernelResponse". {"event":"kernel.response","listener":"Symfony\\Component\\Security\\Http\\RememberMe\\ResponseListener::onKernelResponse"} []
[2018-06-18 23:46:29] event.DEBUG: Notified event "kernel.response" to listener "Sensio\Bundle\FrameworkExtraBundle\EventListener\HttpCacheListener::onKernelResponse". {"event":"kernel.response","listener":"Sensio\\Bundle\\FrameworkExtraBundle\\EventListener\\HttpCacheListener::onKernelResponse"} []
[2018-06-18 23:46:29] event.DEBUG: Notified event "kernel.response" to listener "Symfony\Component\HttpKernel\EventListener\SaveSessionListener::onKernelResponse". {"event":"kernel.response","listener":"Symfony\\Component\\HttpKernel\\EventListener\\SaveSessionListener::onKernelResponse"} []
[2018-06-18 23:46:29] event.DEBUG: Notified event "kernel.response" to listener "Symfony\Component\HttpKernel\EventListener\StreamedResponseListener::onKernelResponse". {"event":"kernel.response","listener":"Symfony\\Component\\HttpKernel\\EventListener\\StreamedResponseListener::onKernelResponse"} []
[2018-06-18 23:46:29] event.DEBUG: Notified event "kernel.finish_request" to listener "Symfony\Component\HttpKernel\EventListener\LocaleListener::onKernelFinishRequest". {"event":"kernel.finish_request","listener":"Symfony\\Component\\HttpKernel\\EventListener\\LocaleListener::onKernelFinishRequest"} []
[2018-06-18 23:46:29] event.DEBUG: Notified event "kernel.finish_request" to listener "Symfony\Component\HttpKernel\EventListener\TranslatorListener::onKernelFinishRequest". {"event":"kernel.finish_request","listener":"Symfony\\Component\\HttpKernel\\EventListener\\TranslatorListener::onKernelFinishRequest"} []
[2018-06-18 23:46:29] event.DEBUG: Notified event "kernel.finish_request" to listener "Symfony\Component\HttpKernel\EventListener\RouterListener::onKernelFinishRequest". {"event":"kernel.finish_request","listener":"Symfony\\Component\\HttpKernel\\EventListener\\RouterListener::onKernelFinishRequest"} []
[2018-06-18 23:46:29] event.DEBUG: Notified event "kernel.finish_request" to listener "Symfony\Bundle\SecurityBundle\EventListener\FirewallListener::onKernelFinishRequest". {"event":"kernel.finish_request","listener":"Symfony\\Bundle\\SecurityBundle\\EventListener\\FirewallListener::onKernelFinishRequest"} []
[2018-06-18 23:46:29] event.DEBUG: Notified event "kernel.terminate" to listener "Symfony\Bundle\SwiftmailerBundle\EventListener\EmailSenderListener::onTerminate". {"event":"kernel.terminate","listener":"Symfony\\Bundle\\SwiftmailerBundle\\EventListener\\EmailSenderListener::onTerminate"} []
[2018-06-18 23:47:44] request.INFO: Matched route "accueil". {"route":"accueil","route_parameters":{"_controller":"FrontEndBundle\\Controller\\DefaultController::indexAction","_route":"accueil"},"request_uri":"http://localhost/fudme2/web/","method":"GET"} []
[2018-06-18 23:47:44] security.INFO: Populated the TokenStorage with an anonymous Token. [] []
[2018-06-18 23:47:44] event.DEBUG: Notified event "kernel.request" to listener "Symfony\Component\HttpKernel\EventListener\DebugHandlersListener::configure". {"event":"kernel.request","listener":"Symfony\\Component\\HttpKernel\\EventListener\\DebugHandlersListener::configure"} []
[2018-06-18 23:47:44] event.DEBUG: Notified event "kernel.request" to listener "Symfony\Component\HttpKernel\EventListener\ValidateRequestListener::onKernelRequest". {"event":"kernel.request","listener":"Symfony\\Component\\HttpKernel\\EventListener\\ValidateRequestListener::onKernelRequest"} []
[2018-06-18 23:47:44] event.DEBUG: Notified event "kernel.request" to listener "Symfony\Component\HttpKernel\EventListener\SessionListener::onKernelRequest". {"event":"kernel.request","listener":"Symfony\\Component\\HttpKernel\\EventListener\\SessionListener::onKernelRequest"} []
[2018-06-18 23:47:44] event.DEBUG: Notified event "kernel.request" to listener "Symfony\Component\HttpKernel\EventListener\FragmentListener::onKernelRequest". {"event":"kernel.request","listener":"Symfony\\Component\\HttpKernel\\EventListener\\FragmentListener::onKernelRequest"} []
[2018-06-18 23:47:44] event.DEBUG: Notified event "kernel.request" to listener "Symfony\Component\HttpKernel\EventListener\RouterListener::onKernelRequest". {"event":"kernel.request","listener":"Symfony\\Component\\HttpKernel\\EventListener\\RouterListener::onKernelRequest"} []
[2018-06-18 23:47:44] event.DEBUG: Notified event "kernel.request" to listener "Symfony\Bundle\FrameworkBundle\EventListener\ResolveControllerNameSubscriber::onKernelRequest". {"event":"kernel.request","listener":"Symfony\\Bundle\\FrameworkBundle\\EventListener\\ResolveControllerNameSubscriber::onKernelRequest"} []
[2018-06-18 23:47:44] event.DEBUG: Notified event "kernel.request" to listener "Symfony\Component\HttpKernel\EventListener\LocaleListener::onKernelRequest". {"event":"kernel.request","listener":"Symfony\\Component\\HttpKernel\\EventListener\\LocaleListener::onKernelRequest"} []
[2018-06-18 23:47:44] event.DEBUG: Notified event "kernel.request" to listener "Symfony\Component\HttpKernel\EventListener\TranslatorListener::onKernelRequest". {"event":"kernel.request","listener":"Symfony\\Component\\HttpKernel\\EventListener\\TranslatorListener::onKernelRequest"} []
[2018-06-18 23:47:44] event.DEBUG: Notified event "kernel.request" to listener "Symfony\Bundle\SecurityBundle\EventListener\FirewallListener::onKernelRequest". {"event":"kernel.request","listener":"Symfony\\Bundle\\SecurityBundle\\EventListener\\FirewallListener::onKernelRequest"} []
[2018-06-18 23:47:44] event.DEBUG: Notified event "kernel.request" to listener "Symfony\Bundle\AsseticBundle\EventListener\RequestListener::onKernelRequest". {"event":"kernel.request","listener":"Symfony\\Bundle\\AsseticBundle\\EventListener\\RequestListener::onKernelRequest"} []
[2018-06-18 23:47:44] event.DEBUG: Notified event "kernel.controller" to listener "Sensio\Bundle\FrameworkExtraBundle\EventListener\ControllerListener::onKernelController". {"event":"kernel.controller","listener":"Sensio\\Bundle\\FrameworkExtraBundle\\EventListener\\ControllerListener::onKernelController"} []
[2018-06-18 23:47:44] event.DEBUG: Notified event "kernel.controller" to listener "Sensio\Bundle\FrameworkExtraBundle\EventListener\ParamConverterListener::onKernelController". {"event":"kernel.controller","listener":"Sensio\\Bundle\\FrameworkExtraBundle\\EventListener\\ParamConverterListener::onKernelController"} []
[2018-06-18 23:47:44] event.DEBUG: Notified event "kernel.controller" to listener "Sensio\Bundle\FrameworkExtraBundle\EventListener\HttpCacheListener::onKernelController". {"event":"kernel.controller","listener":"Sensio\\Bundle\\FrameworkExtraBundle\\EventListener\\HttpCacheListener::onKernelController"} []
[2018-06-18 23:47:44] event.DEBUG: Notified event "kernel.controller" to listener "Sensio\Bundle\FrameworkExtraBundle\EventListener\SecurityListener::onKernelController". {"event":"kernel.controller","listener":"Sensio\\Bundle\\FrameworkExtraBundle\\EventListener\\SecurityListener::onKernelController"} []
[2018-06-18 23:47:44] event.DEBUG: Notified event "kernel.controller" to listener "Sensio\Bundle\FrameworkExtraBundle\EventListener\TemplateListener::onKernelController". {"event":"kernel.controller","listener":"Sensio\\Bundle\\FrameworkExtraBundle\\EventListener\\TemplateListener::onKernelController"} []
[2018-06-18 23:47:45] request.CRITICAL: Uncaught PHP Exception Doctrine\DBAL\Exception\ConnectionException: "An exception occured in driver: SQLSTATE[HY000] [2002] Connection refused" at /opt/lampp/htdocs/fudme2/vendor/doctrine/dbal/lib/Doctrine/DBAL/Driver/AbstractMySQLDriver.php line 103 {"exception":"[object] (Doctrine\\DBAL\\Exception\\ConnectionException(code: 0): An exception occured in driver: SQLSTATE[HY000] [2002] Connection refused at /opt/lampp/htdocs/fudme2/vendor/doctrine/dbal/lib/Doctrine/DBAL/Driver/AbstractMySQLDriver.php:103, Doctrine\\DBAL\\Driver\\PDOException(code: 2002): SQLSTATE[HY000] [2002] Connection refused at /opt/lampp/htdocs/fudme2/vendor/doctrine/dbal/lib/Doctrine/DBAL/Driver/PDOConnection.php:47, PDOException(code: 2002): SQLSTATE[HY000] [2002] Connection refused at /opt/lampp/htdocs/fudme2/vendor/doctrine/dbal/lib/Doctrine/DBAL/Driver/PDOConnection.php:43)"} []
[2018-06-18 23:47:45] event.DEBUG: Notified event "kernel.request" to listener "Symfony\Component\HttpKernel\EventListener\DebugHandlersListener::configure". {"event":"kernel.request","listener":"Symfony\\Component\\HttpKernel\\EventListener\\DebugHandlersListener::configure"} []
[2018-06-18 23:47:45] event.DEBUG: Notified event "kernel.request" to listener "Symfony\Component\HttpKernel\EventListener\ValidateRequestListener::onKernelRequest". {"event":"kernel.request","listener":"Symfony\\Component\\HttpKernel\\EventListener\\ValidateRequestListener::onKernelRequest"} []
[2018-06-18 23:47:45] event.DEBUG: Notified event "kernel.request" to listener "Symfony\Component\HttpKernel\EventListener\SessionListener::onKernelRequest". {"event":"kernel.request","listener":"Symfony\\Component\\HttpKernel\\EventListener\\SessionListener::onKernelRequest"} []
[2018-06-18 23:47:45] event.DEBUG: Notified event "kernel.request" to listener "Symfony\Component\HttpKernel\EventListener\FragmentListener::onKernelRequest". {"event":"kernel.request","listener":"Symfony\\Component\\HttpKernel\\EventListener\\FragmentListener::onKernelRequest"} []
[2018-06-18 23:47:45] event.DEBUG: Notified event "kernel.request" to listener "Symfony\Component\HttpKernel\EventListener\RouterListener::onKernelRequest". {"event":"kernel.request","listener":"Symfony\\Component\\HttpKernel\\EventListener\\RouterListener::onKernelRequest"} []
[2018-06-18 23:47:45] event.DEBUG: Notified event "kernel.request" to listener "Symfony\Bundle\FrameworkBundle\EventListener\ResolveControllerNameSubscriber::onKernelRequest". {"event":"kernel.request","listener":"Symfony\\Bundle\\FrameworkBundle\\EventListener\\ResolveControllerNameSubscriber::onKernelRequest"} []
[2018-06-18 23:47:45] event.DEBUG: Notified event "kernel.request" to listener "Symfony\Component\HttpKernel\EventListener\LocaleListener::onKernelRequest". {"event":"kernel.request","listener":"Symfony\\Component\\HttpKernel\\EventListener\\LocaleListener::onKernelRequest"} []
[2018-06-18 23:47:45] event.DEBUG: Notified event "kernel.request" to listener "Symfony\Component\HttpKernel\EventListener\TranslatorListener::onKernelRequest". {"event":"kernel.request","listener":"Symfony\\Component\\HttpKernel\\EventListener\\TranslatorListener::onKernelRequest"} []
[2018-06-18 23:47:45] event.DEBUG: Notified event "kernel.request" to listener "Symfony\Bundle\SecurityBundle\EventListener\FirewallListener::onKernelRequest". {"event":"kernel.request","listener":"Symfony\\Bundle\\SecurityBundle\\EventListener\\FirewallListener::onKernelRequest"} []
[2018-06-18 23:47:45] event.DEBUG: Notified event "kernel.request" to listener "Symfony\Bundle\AsseticBundle\EventListener\RequestListener::onKernelRequest". {"event":"kernel.request","listener":"Symfony\\Bundle\\AsseticBundle\\EventListener\\RequestListener::onKernelRequest"} []
[2018-06-18 23:47:45] event.DEBUG: Notified event "kernel.controller" to listener "Sensio\Bundle\FrameworkExtraBundle\EventListener\ControllerListener::onKernelController". {"event":"kernel.controller","listener":"Sensio\\Bundle\\FrameworkExtraBundle\\EventListener\\ControllerListener::onKernelController"} []
[2018-06-18 23:47:45] event.DEBUG: Notified event "kernel.controller" to listener "Sensio\Bundle\FrameworkExtraBundle\EventListener\ParamConverterListener::onKernelController". {"event":"kernel.controller","listener":"Sensio\\Bundle\\FrameworkExtraBundle\\EventListener\\ParamConverterListener::onKernelController"} []
[2018-06-18 23:47:45] event.DEBUG: Notified event "kernel.controller" to listener "Sensio\Bundle\FrameworkExtraBundle\EventListener\HttpCacheListener::onKernelController". {"event":"kernel.controller","listener":"Sensio\\Bundle\\FrameworkExtraBundle\\EventListener\\HttpCacheListener::onKernelController"} []
[2018-06-18 23:47:45] event.DEBUG: Notified event "kernel.controller" to listener "Sensio\Bundle\FrameworkExtraBundle\EventListener\SecurityListener::onKernelController". {"event":"kernel.controller","listener":"Sensio\\Bundle\\FrameworkExtraBundle\\EventListener\\SecurityListener::onKernelController"} []
[2018-06-18 23:47:45] event.DEBUG: Notified event "kernel.controller" to listener "Sensio\Bundle\FrameworkExtraBundle\EventListener\TemplateListener::onKernelController". {"event":"kernel.controller","listener":"Sensio\\Bundle\\FrameworkExtraBundle\\EventListener\\TemplateListener::onKernelController"} []
[2018-06-18 23:47:45] event.DEBUG: Notified event "kernel.response" to listener "Symfony\Component\HttpKernel\EventListener\ResponseListener::onKernelResponse". {"event":"kernel.response","listener":"Symfony\\Component\\HttpKernel\\EventListener\\ResponseListener::onKernelResponse"} []
[2018-06-18 23:47:45] event.DEBUG: Notified event "kernel.response" to listener "Symfony\Component\Security\Http\RememberMe\ResponseListener::onKernelResponse". {"event":"kernel.response","listener":"Symfony\\Component\\Security\\Http\\RememberMe\\ResponseListener::onKernelResponse"} []
[2018-06-18 23:47:45] event.DEBUG: Notified event "kernel.response" to listener "Sensio\Bundle\FrameworkExtraBundle\EventListener\HttpCacheListener::onKernelResponse". {"event":"kernel.response","listener":"Sensio\\Bundle\\FrameworkExtraBundle\\EventListener\\HttpCacheListener::onKernelResponse"} []
[2018-06-18 23:47:45] event.DEBUG: Notified event "kernel.response" to listener "Symfony\Component\Security\Http\Firewall\ContextListener::onKernelResponse". {"event":"kernel.response","listener":"Symfony\\Component\\Security\\Http\\Firewall\\ContextListener::onKernelResponse"} []
[2018-06-18 23:47:45] event.DEBUG: Notified event "kernel.response" to listener "Symfony\Component\HttpKernel\EventListener\SaveSessionListener::onKernelResponse". {"event":"kernel.response","listener":"Symfony\\Component\\HttpKernel\\EventListener\\SaveSessionListener::onKernelResponse"} []
[2018-06-18 23:47:45] event.DEBUG: Notified event "kernel.response" to listener "Symfony\Component\HttpKernel\EventListener\StreamedResponseListener::onKernelResponse". {"event":"kernel.response","listener":"Symfony\\Component\\HttpKernel\\EventListener\\StreamedResponseListener::onKernelResponse"} []
[2018-06-18 23:47:45] event.DEBUG: Notified event "kernel.finish_request" to listener "Symfony\Component\HttpKernel\EventListener\LocaleListener::onKernelFinishRequest". {"event":"kernel.finish_request","listener":"Symfony\\Component\\HttpKernel\\EventListener\\LocaleListener::onKernelFinishRequest"} []
[2018-06-18 23:47:45] event.DEBUG: Notified event "kernel.finish_request" to listener "Symfony\Component\HttpKernel\EventListener\TranslatorListener::onKernelFinishRequest". {"event":"kernel.finish_request","listener":"Symfony\\Component\\HttpKernel\\EventListener\\TranslatorListener::onKernelFinishRequest"} []
[2018-06-18 23:47:45] event.DEBUG: Notified event "kernel.finish_request" to listener "Symfony\Component\HttpKernel\EventListener\RouterListener::onKernelFinishRequest". {"event":"kernel.finish_request","listener":"Symfony\\Component\\HttpKernel\\EventListener\\RouterListener::onKernelFinishRequest"} []
[2018-06-18 23:47:45] event.DEBUG: Notified event "kernel.finish_request" to listener "Symfony\Bundle\SecurityBundle\EventListener\FirewallListener::onKernelFinishRequest". {"event":"kernel.finish_request","listener":"Symfony\\Bundle\\SecurityBundle\\EventListener\\FirewallListener::onKernelFinishRequest"} []
[2018-06-18 23:47:45] event.DEBUG: Notified event "kernel.exception" to listener "Symfony\Component\Security\Http\Firewall\ExceptionListener::onKernelException". {"event":"kernel.exception","listener":"Symfony\\Component\\Security\\Http\\Firewall\\ExceptionListener::onKernelException"} []
[2018-06-18 23:47:45] event.DEBUG: Notified event "kernel.exception" to listener "Symfony\Bundle\SwiftmailerBundle\EventListener\EmailSenderListener::onException". {"event":"kernel.exception","listener":"Symfony\\Bundle\\SwiftmailerBundle\\EventListener\\EmailSenderListener::onException"} []
[2018-06-18 23:47:45] event.DEBUG: Notified event "kernel.exception" to listener "Symfony\Component\HttpKernel\EventListener\ExceptionListener::onKernelException". {"event":"kernel.exception","listener":"Symfony\\Component\\HttpKernel\\EventListener\\ExceptionListener::onKernelException"} []
[2018-06-18 23:47:45] event.DEBUG: Listener "Symfony\Component\HttpKernel\EventListener\ExceptionListener::onKernelException" stopped propagation of the event "kernel.exception". {"event":"kernel.exception","listener":"Symfony\\Component\\HttpKernel\\EventListener\\ExceptionListener::onKernelException"} []
[2018-06-18 23:47:45] event.DEBUG: Notified event "kernel.response" to listener "Symfony\Component\HttpKernel\EventListener\ResponseListener::onKernelResponse". {"event":"kernel.response","listener":"Symfony\\Component\\HttpKernel\\EventListener\\ResponseListener::onKernelResponse"} []
[2018-06-18 23:47:45] event.DEBUG: Notified event "kernel.response" to listener "Symfony\Component\Security\Http\RememberMe\ResponseListener::onKernelResponse". {"event":"kernel.response","listener":"Symfony\\Component\\Security\\Http\\RememberMe\\ResponseListener::onKernelResponse"} []
[2018-06-18 23:47:45] event.DEBUG: Notified event "kernel.response" to listener "Sensio\Bundle\FrameworkExtraBundle\EventListener\HttpCacheListener::onKernelResponse". {"event":"kernel.response","listener":"Sensio\\Bundle\\FrameworkExtraBundle\\EventListener\\HttpCacheListener::onKernelResponse"} []
[2018-06-18 23:47:45] event.DEBUG: Notified event "kernel.response" to listener "Symfony\Component\HttpKernel\EventListener\SaveSessionListener::onKernelResponse". {"event":"kernel.response","listener":"Symfony\\Component\\HttpKernel\\EventListener\\SaveSessionListener::onKernelResponse"} []
[2018-06-18 23:47:45] event.DEBUG: Notified event "kernel.response" to listener "Symfony\Component\HttpKernel\EventListener\StreamedResponseListener::onKernelResponse". {"event":"kernel.response","listener":"Symfony\\Component\\HttpKernel\\EventListener\\StreamedResponseListener::onKernelResponse"} []
[2018-06-18 23:47:45] event.DEBUG: Notified event "kernel.finish_request" to listener "Symfony\Component\HttpKernel\EventListener\LocaleListener::onKernelFinishRequest". {"event":"kernel.finish_request","listener":"Symfony\\Component\\HttpKernel\\EventListener\\LocaleListener::onKernelFinishRequest"} []
[2018-06-18 23:47:45] event.DEBUG: Notified event "kernel.finish_request" to listener "Symfony\Component\HttpKernel\EventListener\TranslatorListener::onKernelFinishRequest". {"event":"kernel.finish_request","listener":"Symfony\\Component\\HttpKernel\\EventListener\\TranslatorListener::onKernelFinishRequest"} []
[2018-06-18 23:47:45] event.DEBUG: Notified event "kernel.finish_request" to listener "Symfony\Component\HttpKernel\EventListener\RouterListener::onKernelFinishRequest". {"event":"kernel.finish_request","listener":"Symfony\\Component\\HttpKernel\\EventListener\\RouterListener::onKernelFinishRequest"} []
[2018-06-18 23:47:45] event.DEBUG: Notified event "kernel.finish_request" to listener "Symfony\Bundle\SecurityBundle\EventListener\FirewallListener::onKernelFinishRequest". {"event":"kernel.finish_request","listener":"Symfony\\Bundle\\SecurityBundle\\EventListener\\FirewallListener::onKernelFinishRequest"} []
[2018-06-18 23:47:45] event.DEBUG: Notified event "kernel.terminate" to listener "Symfony\Bundle\SwiftmailerBundle\EventListener\EmailSenderListener::onTerminate". {"event":"kernel.terminate","listener":"Symfony\\Bundle\\SwiftmailerBundle\\EventListener\\EmailSenderListener::onTerminate"} []
[2018-06-18 23:49:08] request.INFO: Matched route "accueil". {"route":"accueil","route_parameters":{"_controller":"FrontEndBundle\\Controller\\DefaultController::indexAction","_route":"accueil"},"request_uri":"http://localhost/fudme2/web/","method":"GET"} []
[2018-06-18 23:49:08] security.INFO: Populated the TokenStorage with an anonymous Token. [] []
[2018-06-18 23:49:08] event.DEBUG: Notified event "kernel.request" to listener "Symfony\Component\HttpKernel\EventListener\DebugHandlersListener::configure". {"event":"kernel.request","listener":"Symfony\\Component\\HttpKernel\\EventListener\\DebugHandlersListener::configure"} []
[2018-06-18 23:49:08] event.DEBUG: Notified event "kernel.request" to listener "Symfony\Component\HttpKernel\EventListener\ValidateRequestListener::onKernelRequest". {"event":"kernel.request","listener":"Symfony\\Component\\HttpKernel\\EventListener\\ValidateRequestListener::onKernelRequest"} []
[2018-06-18 23:49:08] event.DEBUG: Notified event "kernel.request" to listener "Symfony\Component\HttpKernel\EventListener\SessionListener::onKernelRequest". {"event":"kernel.request","listener":"Symfony\\Component\\HttpKernel\\EventListener\\SessionListener::onKernelRequest"} []
[2018-06-18 23:49:08] event.DEBUG: Notified event "kernel.request" to listener "Symfony\Component\HttpKernel\EventListener\FragmentListener::onKernelRequest". {"event":"kernel.request","listener":"Symfony\\Component\\HttpKernel\\EventListener\\FragmentListener::onKernelRequest"} []
[2018-06-18 23:49:08] event.DEBUG: Notified event "kernel.request" to listener "Symfony\Component\HttpKernel\EventListener\RouterListener::onKernelRequest". {"event":"kernel.request","listener":"Symfony\\Component\\HttpKernel\\EventListener\\RouterListener::onKernelRequest"} []
[2018-06-18 23:49:08] event.DEBUG: Notified event "kernel.request" to listener "Symfony\Bundle\FrameworkBundle\EventListener\ResolveControllerNameSubscriber::onKernelRequest". {"event":"kernel.request","listener":"Symfony\\Bundle\\FrameworkBundle\\EventListener\\ResolveControllerNameSubscriber::onKernelRequest"} []
[2018-06-18 23:49:08] event.DEBUG: Notified event "kernel.request" to listener "Symfony\Component\HttpKernel\EventListener\LocaleListener::onKernelRequest". {"event":"kernel.request","listener":"Symfony\\Component\\HttpKernel\\EventListener\\LocaleListener::onKernelRequest"} []
[2018-06-18 23:49:08] event.DEBUG: Notified event "kernel.request" to listener "Symfony\Component\HttpKernel\EventListener\TranslatorListener::onKernelRequest". {"event":"kernel.request","listener":"Symfony\\Component\\HttpKernel\\EventListener\\TranslatorListener::onKernelRequest"} []
[2018-06-18 23:49:08] event.DEBUG: Notified event "kernel.request" to listener "Symfony\Bundle\SecurityBundle\EventListener\FirewallListener::onKernelRequest". {"event":"kernel.request","listener":"Symfony\\Bundle\\SecurityBundle\\EventListener\\FirewallListener::onKernelRequest"} []
[2018-06-18 23:49:08] event.DEBUG: Notified event "kernel.request" to listener "Symfony\Bundle\AsseticBundle\EventListener\RequestListener::onKernelRequest". {"event":"kernel.request","listener":"Symfony\\Bundle\\AsseticBundle\\EventListener\\RequestListener::onKernelRequest"} []
[2018-06-18 23:49:08] event.DEBUG: Notified event "kernel.controller" to listener "Sensio\Bundle\FrameworkExtraBundle\EventListener\ControllerListener::onKernelController". {"event":"kernel.controller","listener":"Sensio\\Bundle\\FrameworkExtraBundle\\EventListener\\ControllerListener::onKernelController"} []
[2018-06-18 23:49:08] event.DEBUG: Notified event "kernel.controller" to listener "Sensio\Bundle\FrameworkExtraBundle\EventListener\ParamConverterListener::onKernelController". {"event":"kernel.controller","listener":"Sensio\\Bundle\\FrameworkExtraBundle\\EventListener\\ParamConverterListener::onKernelController"} []
[2018-06-18 23:49:08] event.DEBUG: Notified event "kernel.controller" to listener "Sensio\Bundle\FrameworkExtraBundle\EventListener\HttpCacheListener::onKernelController". {"event":"kernel.controller","listener":"Sensio\\Bundle\\FrameworkExtraBundle\\EventListener\\HttpCacheListener::onKernelController"} []
[2018-06-18 23:49:08] event.DEBUG: Notified event "kernel.controller" to listener "Sensio\Bundle\FrameworkExtraBundle\EventListener\SecurityListener::onKernelController". {"event":"kernel.controller","listener":"Sensio\\Bundle\\FrameworkExtraBundle\\EventListener\\SecurityListener::onKernelController"} []
[2018-06-18 23:49:08] event.DEBUG: Notified event "kernel.controller" to listener "Sensio\Bundle\FrameworkExtraBundle\EventListener\TemplateListener::onKernelController". {"event":"kernel.controller","listener":"Sensio\\Bundle\\FrameworkExtraBundle\\EventListener\\TemplateListener::onKernelController"} []
[2018-06-18 23:49:09] doctrine.DEBUG: SELECT p0_.id AS id_0, p0_.nomProjet AS nomProjet_1, p0_.descriptionProjet AS descriptionProjet_2, p0_.descriptionCourteProjet AS descriptionCourteProjet_3, p0_.logo AS logo_4, p0_.selectionne AS selectionne_5, p0_.objectif AS objectif_6, p0_.budgetpropose AS budgetpropose_7, p0_.docPlanAffaire AS docPlanAffaire_8, p0_.dateLimite AS dateLimite_9, p0_.dateValidation AS dateValidation_10, p0_.categorie_id AS categorie_id_11, p0_.porteur_id AS porteur_id_12 FROM projets p0_ LEFT JOIN porteur p1_ ON p0_.porteur_id = p1_.id LEFT JOIN user u2_ ON p1_.id = u2_.id WHERE p0_.selectionne = 1 ORDER BY p0_.id DESC LIMIT 5 [] []
[2018-06-18 23:49:09] request.CRITICAL: Uncaught PHP Exception Doctrine\DBAL\Exception\TableNotFoundException: "An exception occurred while executing 'SELECT p0_.id AS id_0, p0_.nomProjet AS nomProjet_1, p0_.descriptionProjet AS descriptionProjet_2, p0_.descriptionCourteProjet AS descriptionCourteProjet_3, p0_.logo AS logo_4, p0_.selectionne AS selectionne_5, p0_.objectif AS objectif_6, p0_.budgetpropose AS budgetpropose_7, p0_.docPlanAffaire AS docPlanAffaire_8, p0_.dateLimite AS dateLimite_9, p0_.dateValidation AS dateValidation_10, p0_.categorie_id AS categorie_id_11, p0_.porteur_id AS porteur_id_12 FROM projets p0_ LEFT JOIN porteur p1_ ON p0_.porteur_id = p1_.id LEFT JOIN user u2_ ON p1_.id = u2_.id WHERE p0_.selectionne = 1 ORDER BY p0_.id DESC LIMIT 5':  SQLSTATE[42S02]: Base table or view not found: 1146 Table 'fundme.projets' doesn't exist" at /opt/lampp/htdocs/fudme2/vendor/doctrine/dbal/lib/Doctrine/DBAL/Driver/AbstractMySQLDriver.php line 53 {"exception":"[object] (Doctrine\\DBAL\\Exception\\TableNotFoundException(code: 0): An exception occurred while executing 'SELECT p0_.id AS id_0, p0_.nomProjet AS nomProjet_1, p0_.descriptionProjet AS descriptionProjet_2, p0_.descriptionCourteProjet AS descriptionCourteProjet_3, p0_.logo AS logo_4, p0_.selectionne AS selectionne_5, p0_.objectif AS objectif_6, p0_.budgetpropose AS budgetpropose_7, p0_.docPlanAffaire AS docPlanAffaire_8, p0_.dateLimite AS dateLimite_9, p0_.dateValidation AS dateValidation_10, p0_.categorie_id AS categorie_id_11, p0_.porteur_id AS porteur_id_12 FROM projets p0_ LEFT JOIN porteur p1_ ON p0_.porteur_id = p1_.id LEFT JOIN user u2_ ON p1_.id = u2_.id WHERE p0_.selectionne = 1 ORDER BY p0_.id DESC LIMIT 5':\n\nSQLSTATE[42S02]: Base table or view not found: 1146 Table 'fundme.projets' doesn't exist at /opt/lampp/htdocs/fudme2/vendor/doctrine/dbal/lib/Doctrine/DBAL/Driver/AbstractMySQLDriver.php:53, Doctrine\\DBAL\\Driver\\PDOException(code: 42S02): SQLSTATE[42S02]: Base table or view not found: 1146 Table 'fundme.projets' doesn't exist at /opt/lampp/htdocs/fudme2/vendor/doctrine/dbal/lib/Doctrine/DBAL/Driver/PDOConnection.php:106, PDOException(code: 42S02): SQLSTATE[42S02]: Base table or view not found: 1146 Table 'fundme.projets' doesn't exist at /opt/lampp/htdocs/fudme2/vendor/doctrine/dbal/lib/Doctrine/DBAL/Driver/PDOConnection.php:104)"} []
[2018-06-18 23:49:09] event.DEBUG: Notified event "kernel.request" to listener "Symfony\Component\HttpKernel\EventListener\DebugHandlersListener::configure". {"event":"kernel.request","listener":"Symfony\\Component\\HttpKernel\\EventListener\\DebugHandlersListener::configure"} []
[2018-06-18 23:49:09] event.DEBUG: Notified event "kernel.request" to listener "Symfony\Component\HttpKernel\EventListener\ValidateRequestListener::onKernelRequest". {"event":"kernel.request","listener":"Symfony\\Component\\HttpKernel\\EventListener\\ValidateRequestListener::onKernelRequest"} []
[2018-06-18 23:49:09] event.DEBUG: Notified event "kernel.request" to listener "Symfony\Component\HttpKernel\EventListener\SessionListener::onKernelRequest". {"event":"kernel.request","listener":"Symfony\\Component\\HttpKernel\\EventListener\\SessionListener::onKernelRequest"} []
[2018-06-18 23:49:09] event.DEBUG: Notified event "kernel.request" to listener "Symfony\Component\HttpKernel\EventListener\FragmentListener::onKernelRequest". {"event":"kernel.request","listener":"Symfony\\Component\\HttpKernel\\EventListener\\FragmentListener::onKernelRequest"} []
[2018-06-18 23:49:09] event.DEBUG: Notified event "kernel.request" to listener "Symfony\Component\HttpKernel\EventListener\RouterListener::onKernelRequest". {"event":"kernel.request","listener":"Symfony\\Component\\HttpKernel\\EventListener\\RouterListener::onKernelRequest"} []
[2018-06-18 23:49:09] event.DEBUG: Notified event "kernel.request" to listener "Symfony\Bundle\FrameworkBundle\EventListener\ResolveControllerNameSubscriber::onKernelRequest". {"event":"kernel.request","listener":"Symfony\\Bundle\\FrameworkBundle\\EventListener\\ResolveControllerNameSubscriber::onKernelRequest"} []
[2018-06-18 23:49:09] event.DEBUG: Notified event "kernel.request" to listener "Symfony\Component\HttpKernel\EventListener\LocaleListener::onKernelRequest". {"event":"kernel.request","listener":"Symfony\\Component\\HttpKernel\\EventListener\\LocaleListener::onKernelRequest"} []
[2018-06-18 23:49:09] event.DEBUG: Notified event "kernel.request" to listener "Symfony\Component\HttpKernel\EventListener\TranslatorListener::onKernelRequest". {"event":"kernel.request","listener":"Symfony\\Component\\HttpKernel\\EventListener\\TranslatorListener::onKernelRequest"} []
[2018-06-18 23:49:09] event.DEBUG: Notified event "kernel.request" to listener "Symfony\Bundle\SecurityBundle\EventListener\FirewallListener::onKernelRequest". {"event":"kernel.request","listener":"Symfony\\Bundle\\SecurityBundle\\EventListener\\FirewallListener::onKernelRequest"} []
[2018-06-18 23:49:09] event.DEBUG: Notified event "kernel.request" to listener "Symfony\Bundle\AsseticBundle\EventListener\RequestListener::onKernelRequest". {"event":"kernel.request","listener":"Symfony\\Bundle\\AsseticBundle\\EventListener\\RequestListener::onKernelRequest"} []
[2018-06-18 23:49:09] event.DEBUG: Notified event "kernel.controller" to listener "Sensio\Bundle\FrameworkExtraBundle\EventListener\ControllerListener::onKernelController". {"event":"kernel.controller","listener":"Sensio\\Bundle\\FrameworkExtraBundle\\EventListener\\ControllerListener::onKernelController"} []
[2018-06-18 23:49:09] event.DEBUG: Notified event "kernel.controller" to listener "Sensio\Bundle\FrameworkExtraBundle\EventListener\ParamConverterListener::onKernelController". {"event":"kernel.controller","listener":"Sensio\\Bundle\\FrameworkExtraBundle\\EventListener\\ParamConverterListener::onKernelController"} []
[2018-06-18 23:49:09] event.DEBUG: Notified event "kernel.controller" to listener "Sensio\Bundle\FrameworkExtraBundle\EventListener\HttpCacheListener::onKernelController". {"event":"kernel.controller","listener":"Sensio\\Bundle\\FrameworkExtraBundle\\EventListener\\HttpCacheListener::onKernelController"} []
[2018-06-18 23:49:09] event.DEBUG: Notified event "kernel.controller" to listener "Sensio\Bundle\FrameworkExtraBundle\EventListener\SecurityListener::onKernelController". {"event":"kernel.controller","listener":"Sensio\\Bundle\\FrameworkExtraBundle\\EventListener\\SecurityListener::onKernelController"} []
[2018-06-18 23:49:09] event.DEBUG: Notified event "kernel.controller" to listener "Sensio\Bundle\FrameworkExtraBundle\EventListener\TemplateListener::onKernelController". {"event":"kernel.controller","listener":"Sensio\\Bundle\\FrameworkExtraBundle\\EventListener\\TemplateListener::onKernelController"} []
[2018-06-18 23:49:09] event.DEBUG: Notified event "kernel.response" to listener "Symfony\Component\HttpKernel\EventListener\ResponseListener::onKernelResponse". {"event":"kernel.response","listener":"Symfony\\Component\\HttpKernel\\EventListener\\ResponseListener::onKernelResponse"} []
[2018-06-18 23:49:09] event.DEBUG: Notified event "kernel.response" to listener "Symfony\Component\Security\Http\RememberMe\ResponseListener::onKernelResponse". {"event":"kernel.response","listener":"Symfony\\Component\\Security\\Http\\RememberMe\\ResponseListener::onKernelResponse"} []
[2018-06-18 23:49:09] event.DEBUG: Notified event "kernel.response" to listener "Sensio\Bundle\FrameworkExtraBundle\EventListener\HttpCacheListener::onKernelResponse". {"event":"kernel.response","listener":"Sensio\\Bundle\\FrameworkExtraBundle\\EventListener\\HttpCacheListener::onKernelResponse"} []
[2018-06-18 23:49:09] event.DEBUG: Notified event "kernel.response" to listener "Symfony\Component\Security\Http\Firewall\ContextListener::onKernelResponse". {"event":"kernel.response","listener":"Symfony\\Component\\Security\\Http\\Firewall\\ContextListener::onKernelResponse"} []
[2018-06-18 23:49:09] event.DEBUG: Notified event "kernel.response" to listener "Symfony\Component\HttpKernel\EventListener\SaveSessionListener::onKernelResponse". {"event":"kernel.response","listener":"Symfony\\Component\\HttpKernel\\EventListener\\SaveSessionListener::onKernelResponse"} []
[2018-06-18 23:49:09] event.DEBUG: Notified event "kernel.response" to listener "Symfony\Component\HttpKernel\EventListener\StreamedResponseListener::onKernelResponse". {"event":"kernel.response","listener":"Symfony\\Component\\HttpKernel\\EventListener\\StreamedResponseListener::onKernelResponse"} []
[2018-06-18 23:49:09] event.DEBUG: Notified event "kernel.finish_request" to listener "Symfony\Component\HttpKernel\EventListener\LocaleListener::onKernelFinishRequest". {"event":"kernel.finish_request","listener":"Symfony\\Component\\HttpKernel\\EventListener\\LocaleListener::onKernelFinishRequest"} []
[2018-06-18 23:49:09] event.DEBUG: Notified event "kernel.finish_request" to listener "Symfony\Component\HttpKernel\EventListener\TranslatorListener::onKernelFinishRequest". {"event":"kernel.finish_request","listener":"Symfony\\Component\\HttpKernel\\EventListener\\TranslatorListener::onKernelFinishRequest"} []
[2018-06-18 23:49:09] event.DEBUG: Notified event "kernel.finish_request" to listener "Symfony\Component\HttpKernel\EventListener\RouterListener::onKernelFinishRequest". {"event":"kernel.finish_request","listener":"Symfony\\Component\\HttpKernel\\EventListener\\RouterListener::onKernelFinishRequest"} []
[2018-06-18 23:49:09] event.DEBUG: Notified event "kernel.finish_request" to listener "Symfony\Bundle\SecurityBundle\EventListener\FirewallListener::onKernelFinishRequest". {"event":"kernel.finish_request","listener":"Symfony\\Bundle\\SecurityBundle\\EventListener\\FirewallListener::onKernelFinishRequest"} []
[2018-06-18 23:49:09] event.DEBUG: Notified event "kernel.exception" to listener "Symfony\Component\Security\Http\Firewall\ExceptionListener::onKernelException". {"event":"kernel.exception","listener":"Symfony\\Component\\Security\\Http\\Firewall\\ExceptionListener::onKernelException"} []
[2018-06-18 23:49:09] event.DEBUG: Notified event "kernel.exception" to listener "Symfony\Bundle\SwiftmailerBundle\EventListener\EmailSenderListener::onException". {"event":"kernel.exception","listener":"Symfony\\Bundle\\SwiftmailerBundle\\EventListener\\EmailSenderListener::onException"} []
[2018-06-18 23:49:09] event.DEBUG: Notified event "kernel.exception" to listener "Symfony\Component\HttpKernel\EventListener\ExceptionListener::onKernelException". {"event":"kernel.exception","listener":"Symfony\\Component\\HttpKernel\\EventListener\\ExceptionListener::onKernelException"} []
[2018-06-18 23:49:09] event.DEBUG: Listener "Symfony\Component\HttpKernel\EventListener\ExceptionListener::onKernelException" stopped propagation of the event "kernel.exception". {"event":"kernel.exception","listener":"Symfony\\Component\\HttpKernel\\EventListener\\ExceptionListener::onKernelException"} []
[2018-06-18 23:49:09] event.DEBUG: Notified event "kernel.response" to listener "Symfony\Component\HttpKernel\EventListener\ResponseListener::onKernelResponse". {"event":"kernel.response","listener":"Symfony\\Component\\HttpKernel\\EventListener\\ResponseListener::onKernelResponse"} []
[2018-06-18 23:49:09] event.DEBUG: Notified event "kernel.response" to listener "Symfony\Component\Security\Http\RememberMe\ResponseListener::onKernelResponse". {"event":"kernel.response","listener":"Symfony\\Component\\Security\\Http\\RememberMe\\ResponseListener::onKernelResponse"} []
[2018-06-18 23:49:09] event.DEBUG: Notified event "kernel.response" to listener "Sensio\Bundle\FrameworkExtraBundle\EventListener\HttpCacheListener::onKernelResponse". {"event":"kernel.response","listener":"Sensio\\Bundle\\FrameworkExtraBundle\\EventListener\\HttpCacheListener::onKernelResponse"} []
[2018-06-18 23:49:09] event.DEBUG: Notified event "kernel.response" to listener "Symfony\Component\HttpKernel\EventListener\SaveSessionListener::onKernelResponse". {"event":"kernel.response","listener":"Symfony\\Component\\HttpKernel\\EventListener\\SaveSessionListener::onKernelResponse"} []
[2018-06-18 23:49:09] event.DEBUG: Notified event "kernel.response" to listener "Symfony\Component\HttpKernel\EventListener\StreamedResponseListener::onKernelResponse". {"event":"kernel.response","listener":"Symfony\\Component\\HttpKernel\\EventListener\\StreamedResponseListener::onKernelResponse"} []
[2018-06-18 23:49:09] event.DEBUG: Notified event "kernel.finish_request" to listener "Symfony\Component\HttpKernel\EventListener\LocaleListener::onKernelFinishRequest". {"event":"kernel.finish_request","listener":"Symfony\\Component\\HttpKernel\\EventListener\\LocaleListener::onKernelFinishRequest"} []
[2018-06-18 23:49:09] event.DEBUG: Notified event "kernel.finish_request" to listener "Symfony\Component\HttpKernel\EventListener\TranslatorListener::onKernelFinishRequest". {"event":"kernel.finish_request","listener":"Symfony\\Component\\HttpKernel\\EventListener\\TranslatorListener::onKernelFinishRequest"} []
[2018-06-18 23:49:09] event.DEBUG: Notified event "kernel.finish_request" to listener "Symfony\Component\HttpKernel\EventListener\RouterListener::onKernelFinishRequest". {"event":"kernel.finish_request","listener":"Symfony\\Component\\HttpKernel\\EventListener\\RouterListener::onKernelFinishRequest"} []
[2018-06-18 23:49:09] event.DEBUG: Notified event "kernel.finish_request" to listener "Symfony\Bundle\SecurityBundle\EventListener\FirewallListener::onKernelFinishRequest". {"event":"kernel.finish_request","listener":"Symfony\\Bundle\\SecurityBundle\\EventListener\\FirewallListener::onKernelFinishRequest"} []
[2018-06-18 23:49:09] event.DEBUG: Notified event "kernel.terminate" to listener "Symfony\Bundle\SwiftmailerBundle\EventListener\EmailSenderListener::onTerminate". {"event":"kernel.terminate","listener":"Symfony\\Bundle\\SwiftmailerBundle\\EventListener\\EmailSenderListener::onTerminate"} []
